<?xml version="1.0" encoding="UTF-8"?>
<testsuite name="com.youbenzi.testcase.Test" tests="1" skipped="0" failures="0" errors="0" timestamp="2017-06-05T09:06:14" hostname="yangyingqiangdeMacBook-Air.local" time="0.004">
  <properties/>
  <testcase name="test" classname="com.youbenzi.testcase.Test" time="0.004"/>
  <system-out><![CDATA[/Users/cevin/Documents/youbenzi/MDTool/build/classes/test/
false
true
/Users/cevin/Documents/youbenzi/tmp_1
end
]]></system-out>
  <system-err><![CDATA[]]></system-err>
</testsuite>
